<?xml version="1.0" encoding="utf-8"?><testsuites><testsuite name="pytest" errors="0" failures="0" skipped="0" tests="0" time="9.532" timestamp="2024-11-22T18:26:48.631239" hostname="Dell-5320" /></testsuites>