<?xml version="1.0" encoding="utf-8"?><testsuites><testsuite name="pytest" errors="0" failures="0" skipped="0" tests="14" time="37.901" timestamp="2024-10-09T17:25:43.296985" hostname="Dell-5320"><testcase classname="tests.test_metrics" name="test_all_metrics_initialise" time="0.228" /><testcase classname="tests.test_metrics" name="test_all_metrics_images_initialise" time="0.233" /><testcase classname="tests.test_metrics" name="test_all_metrics_process_image" time="2.014" /><testcase classname="tests.test_metrics" name="test_all_metric_images_process_image" time="0.273" /><testcase classname="tests.test_transforms" name="test_all_transforms_init_value_no_change_image" time="0.250" /><testcase classname="tests.test_transforms" name="test_all_transforms_min_max_specified" time="0.250" /><testcase classname="tests.test_transforms" name="test_all_transforms_min_change_image" time="0.286" /><testcase classname="tests.test_transforms" name="test_all_transforms_max_change_image" time="0.343" /><testcase classname="tests.UI.test_check_args" name="test_dev_true" time="2.937" /><testcase classname="tests.UI.test_dataset_scrolling" name="test_dataset_scrolling" time="11.477" /><testcase classname="tests.notebook_examples.test_1_making_the_UI" name="test_build_1" time="2.904" /><testcase classname="tests.notebook_examples.test_2_simple_customisation" name="test_build_1" time="3.041" /><testcase classname="tests.notebook_examples.test_3_customisation_details" name="test_build_3" time="2.954" /><testcase classname="tests.notebook_examples.test_4_experiment" name="test_experiment_runs" time="7.760" /></testsuite></testsuites>