<?xml version="1.0" encoding="utf-8"?><testsuites><testsuite name="pytest" errors="0" failures="0" skipped="0" tests="16" time="55.735" timestamp="2024-11-27T17:46:24.009927" hostname="matt-desktop"><testcase classname="tests.test_metrics" name="test_all_metrics_initialise" time="0.341" /><testcase classname="tests.test_metrics" name="test_all_metrics_images_initialise" time="0.332" /><testcase classname="tests.test_metrics" name="test_all_metrics_process_image" time="3.913" /><testcase classname="tests.test_metrics" name="test_all_metric_images_process_image" time="1.301" /><testcase classname="tests.test_transforms" name="test_all_transforms_init_value_no_change_image" time="0.321" /><testcase classname="tests.test_transforms" name="test_all_transforms_min_max_specified" time="0.313" /><testcase classname="tests.test_transforms" name="test_all_transforms_min_change_image" time="0.360" /><testcase classname="tests.test_transforms" name="test_all_transforms_max_change_image" time="0.387" /><testcase classname="tests.UI.test_check_args" name="test_dev_true" time="2.903" /><testcase classname="tests.UI.test_dataset_scrolling" name="test_dataset_scrolling" time="11.685" /><testcase classname="tests.functionality.test_export_images" name="test_export_images" time="4.738" /><testcase classname="tests.notebook_examples.test_1_making_the_UI" name="test_build_1" time="2.894" /><testcase classname="tests.notebook_examples.test_2_simple_customisation" name="test_build_1" time="3.802" /><testcase classname="tests.notebook_examples.test_3_customisation_details" name="test_build_3" time="2.939" /><testcase classname="tests.notebook_examples.test_4_experiment_AFC" name="test_experiment_runs" time="7.703" /><testcase classname="tests.notebook_examples.test_5_experiment_JND" name="test_experiment_runs" time="7.988" /></testsuite></testsuites>