<?xml version="1.0" encoding="utf-8"?><testsuites><testsuite name="pytest" errors="0" failures="0" skipped="0" tests="0" time="2.516" timestamp="2024-12-05T10:48:16.048258" hostname="Dell-5320" /></testsuites>