<?xml version="1.0" encoding="utf-8"?><testsuites><testsuite name="pytest" errors="0" failures="0" skipped="0" tests="0" time="2.632" timestamp="2024-12-03T14:49:04.366446" hostname="matt-desktop" /></testsuites>