<?xml version="1.0" encoding="utf-8"?><testsuites><testsuite name="pytest" errors="0" failures="0" skipped="0" tests="13" time="27.636" timestamp="2024-10-09T16:14:46.626846" hostname="Dell-5320"><testcase classname="tests.test_metrics" name="test_all_metrics_initialise" time="0.247" /><testcase classname="tests.test_metrics" name="test_all_metrics_images_initialise" time="0.252" /><testcase classname="tests.test_metrics" name="test_all_metrics_process_image" time="2.069" /><testcase classname="tests.test_metrics" name="test_all_metric_images_process_image" time="0.280" /><testcase classname="tests.test_transforms" name="test_all_transforms_init_value_no_change_image" time="0.259" /><testcase classname="tests.test_transforms" name="test_all_transforms_min_max_specified" time="0.256" /><testcase classname="tests.test_transforms" name="test_all_transforms_min_change_image" time="0.301" /><testcase classname="tests.test_transforms" name="test_all_transforms_max_change_image" time="0.359" /><testcase classname="tests.UI.test_sliders" name="test_sliders" time="3.176" /><testcase classname="tests.notebook_examples.test_1_making_the_UI" name="test_build_1" time="3.073" /><testcase classname="tests.notebook_examples.test_2_simple_customisation" name="test_build_1" time="3.203" /><testcase classname="tests.notebook_examples.test_3_customisation_details" name="test_build_3" time="3.173" /><testcase classname="tests.notebook_examples.test_4_experiment" name="test_experiment_runs" time="8.071" /></testsuite></testsuites>