<?xml version="1.0" encoding="utf-8"?><testsuites><testsuite name="pytest" errors="0" failures="0" skipped="0" tests="0" time="2.608" timestamp="2024-10-09T12:12:12.442572" hostname="Dell-5320" /></testsuites>