<?xml version="1.0" encoding="utf-8"?><testsuites><testsuite name="pytest" errors="0" failures="0" skipped="0" tests="0" time="9.096" timestamp="2024-11-22T18:42:54.946866" hostname="Dell-5320" /></testsuites>