<?xml version="1.0" encoding="utf-8"?><testsuites><testsuite name="pytest" errors="0" failures="0" skipped="0" tests="16" time="49.669" timestamp="2024-11-25T15:31:29.887134" hostname="Dell-5320"><testcase classname="tests.test_metrics" name="test_all_metrics_initialise" time="0.224" /><testcase classname="tests.test_metrics" name="test_all_metrics_images_initialise" time="0.227" /><testcase classname="tests.test_metrics" name="test_all_metrics_process_image" time="1.941" /><testcase classname="tests.test_metrics" name="test_all_metric_images_process_image" time="0.251" /><testcase classname="tests.test_transforms" name="test_all_transforms_init_value_no_change_image" time="0.233" /><testcase classname="tests.test_transforms" name="test_all_transforms_min_max_specified" time="0.228" /><testcase classname="tests.test_transforms" name="test_all_transforms_min_change_image" time="0.264" /><testcase classname="tests.test_transforms" name="test_all_transforms_max_change_image" time="0.297" /><testcase classname="tests.UI.test_check_args" name="test_dev_true" time="2.898" /><testcase classname="tests.UI.test_dataset_scrolling" name="test_dataset_scrolling" time="11.833" /><testcase classname="tests.functionality.test_export_images" name="test_export_images" time="4.134" /><testcase classname="tests.notebook_examples.test_1_making_the_UI" name="test_build_1" time="2.847" /><testcase classname="tests.notebook_examples.test_2_simple_customisation" name="test_build_1" time="3.006" /><testcase classname="tests.notebook_examples.test_3_customisation_details" name="test_build_3" time="2.906" /><testcase classname="tests.notebook_examples.test_4_experiment_AFC" name="test_experiment_runs" time="7.792" /><testcase classname="tests.notebook_examples.test_5_experiment_JND" name="test_experiment_runs" time="7.448" /></testsuite></testsuites>