<?xml version="1.0" encoding="utf-8"?><testsuites><testsuite name="pytest" errors="0" failures="0" skipped="0" tests="0" time="2.399" timestamp="2024-11-26T13:20:12.998105" hostname="Dell-5320" /></testsuites>