<?xml version="1.0" encoding="utf-8"?><testsuites><testsuite name="pytest" errors="0" failures="0" skipped="0" tests="14" time="62.525" timestamp="2024-11-22T18:47:28.686306" hostname="Dell-5320"><testcase classname="tests.test_metrics" name="test_all_metrics_initialise" time="0.650" /><testcase classname="tests.test_metrics" name="test_all_metrics_images_initialise" time="0.622" /><testcase classname="tests.test_metrics" name="test_all_metrics_process_image" time="5.787" /><testcase classname="tests.test_metrics" name="test_all_metric_images_process_image" time="0.723" /><testcase classname="tests.test_transforms" name="test_all_transforms_init_value_no_change_image" time="0.667" /><testcase classname="tests.test_transforms" name="test_all_transforms_min_max_specified" time="0.624" /><testcase classname="tests.test_transforms" name="test_all_transforms_min_change_image" time="0.764" /><testcase classname="tests.test_transforms" name="test_all_transforms_max_change_image" time="0.884" /><testcase classname="tests.UI.test_check_args" name="test_dev_true" time="4.558" /><testcase classname="tests.UI.test_dataset_scrolling" name="test_dataset_scrolling" time="15.459" /><testcase classname="tests.notebook_examples.test_1_making_the_UI" name="test_build_1" time="4.457" /><testcase classname="tests.notebook_examples.test_2_simple_customisation" name="test_build_1" time="4.911" /><testcase classname="tests.notebook_examples.test_3_customisation_details" name="test_build_3" time="4.560" /><testcase classname="tests.notebook_examples.test_4_experiment" name="test_experiment_runs" time="10.361" /></testsuite></testsuites>