<?xml version="1.0" encoding="utf-8"?><testsuites><testsuite name="pytest" errors="0" failures="0" skipped="0" tests="0" time="7.089" timestamp="2024-11-22T19:08:09.156652" hostname="Dell-5320" /></testsuites>