<?xml version="1.0" encoding="utf-8"?><testsuites><testsuite name="pytest" errors="0" failures="0" skipped="0" tests="0" time="2.527" timestamp="2024-10-09T11:47:32.525018" hostname="Dell-5320" /></testsuites>