<?xml version="1.0" encoding="utf-8"?><testsuites><testsuite name="pytest" errors="0" failures="0" skipped="0" tests="14" time="44.856" timestamp="2024-11-22T09:14:39.593949" hostname="Dell-5320"><testcase classname="tests.test_metrics" name="test_all_metrics_initialise" time="0.399" /><testcase classname="tests.test_metrics" name="test_all_metrics_images_initialise" time="0.366" /><testcase classname="tests.test_metrics" name="test_all_metrics_process_image" time="2.884" /><testcase classname="tests.test_metrics" name="test_all_metric_images_process_image" time="0.436" /><testcase classname="tests.test_transforms" name="test_all_transforms_init_value_no_change_image" time="0.387" /><testcase classname="tests.test_transforms" name="test_all_transforms_min_max_specified" time="0.369" /><testcase classname="tests.test_transforms" name="test_all_transforms_min_change_image" time="0.453" /><testcase classname="tests.test_transforms" name="test_all_transforms_max_change_image" time="0.468" /><testcase classname="tests.UI.test_check_args" name="test_dev_true" time="3.408" /><testcase classname="tests.UI.test_dataset_scrolling" name="test_dataset_scrolling" time="11.918" /><testcase classname="tests.notebook_examples.test_1_making_the_UI" name="test_build_1" time="3.186" /><testcase classname="tests.notebook_examples.test_2_simple_customisation" name="test_build_1" time="3.550" /><testcase classname="tests.notebook_examples.test_3_customisation_details" name="test_build_3" time="3.346" /><testcase classname="tests.notebook_examples.test_4_experiment" name="test_experiment_runs" time="8.465" /></testsuite></testsuites>