<?xml version="1.0" encoding="utf-8"?><testsuites><testsuite name="pytest" errors="0" failures="0" skipped="0" tests="0" time="2.420" timestamp="2024-11-25T15:56:08.278106" hostname="Dell-5320" /></testsuites>