<?xml version="1.0" encoding="utf-8"?><testsuites><testsuite name="pytest" errors="0" failures="0" skipped="0" tests="0" time="3.470" timestamp="2024-10-09T13:01:49.633122" hostname="Dell-5320" /></testsuites>