<?xml version="1.0" encoding="utf-8"?><testsuites><testsuite name="pytest" errors="0" failures="0" skipped="0" tests="1" time="10.293" timestamp="2024-11-26T12:03:35.478430" hostname="Dell-5320"><testcase classname="tests.notebook_examples.test_4_experiment_AFC" name="test_experiment_runs" time="7.926" /></testsuite></testsuites>