<?xml version="1.0" encoding="utf-8"?><testsuites><testsuite name="pytest" errors="0" failures="0" skipped="0" tests="13" time="19.434" timestamp="2024-10-09T11:25:38.954759" hostname="Dell-5320"><testcase classname="tests.test_metrics" name="test_all_metrics_initialise" time="0.221" /><testcase classname="tests.test_metrics" name="test_all_metrics_images_initialise" time="0.236" /><testcase classname="tests.test_metrics" name="test_all_metrics_process_image" time="1.950" /><testcase classname="tests.test_metrics" name="test_all_metric_images_process_image" time="0.251" /><testcase classname="tests.test_transforms" name="test_all_transforms_init_value_no_change_image" time="0.237" /><testcase classname="tests.test_transforms" name="test_all_transforms_min_max_specified" time="0.234" /><testcase classname="tests.test_transforms" name="test_all_transforms_min_change_image" time="0.269" /><testcase classname="tests.test_transforms" name="test_all_transforms_max_change_image" time="0.328" /><testcase classname="tests.UI.test_sliders" name="test_sliders" time="1.310" /><testcase classname="tests.notebook_examples.test_1_making_the_UI" name="test_build_1" time="1.030" /><testcase classname="tests.notebook_examples.test_2_simple_customisation" name="test_build_2" time="1.180" /><testcase classname="tests.notebook_examples.test_3_customisation_details" name="test_3" time="3.010" /><testcase classname="tests.notebook_examples.test_4_experiment" name="test_experiment_runs" time="6.186" /></testsuite></testsuites>