<?xml version="1.0" encoding="utf-8"?><testsuites><testsuite name="pytest" errors="0" failures="0" skipped="0" tests="0" time="6.191" timestamp="2024-11-22T19:02:22.414824" hostname="Dell-5320" /></testsuites>