<?xml version="1.0" encoding="utf-8"?><testsuites><testsuite name="pytest" errors="0" failures="0" skipped="0" tests="19" time="73.087" timestamp="2024-12-02T15:36:10.978011" hostname="Dell-5320"><testcase classname="tests.test_metrics" name="test_all_metrics_initialise" time="0.227" /><testcase classname="tests.test_metrics" name="test_all_metrics_images_initialise" time="0.229" /><testcase classname="tests.test_metrics" name="test_all_metrics_process_image" time="2.062" /><testcase classname="tests.test_metrics" name="test_all_metric_images_process_image" time="0.277" /><testcase classname="tests.test_transforms" name="test_all_transforms_init_value_no_change_image" time="0.237" /><testcase classname="tests.test_transforms" name="test_all_transforms_min_max_specified" time="0.252" /><testcase classname="tests.test_transforms" name="test_all_transforms_min_change_image" time="0.270" /><testcase classname="tests.test_transforms" name="test_all_transforms_max_change_image" time="0.308" /><testcase classname="tests.UI.test_check_args" name="test_dev_true" time="2.937" /><testcase classname="tests.UI.test_dataset_scrolling" name="test_dataset_scrolling" time="11.205" /><testcase classname="tests.UI.test_experiemnt_range_change" name="test_change_graphs" time="5.204" /><testcase classname="tests.UI.test_graph_scroll" name="test_change_graphs" time="9.383" /><testcase classname="tests.UI.test_transform_sliders" name="test_change_graphs" time="8.386" /><testcase classname="tests.functionality.test_export_images" name="test_export_images" time="4.103" /><testcase classname="tests.notebook_examples.test_1_making_the_UI" name="test_build_1" time="2.877" /><testcase classname="tests.notebook_examples.test_2_simple_customisation" name="test_build_1" time="2.978" /><testcase classname="tests.notebook_examples.test_3_customisation_details" name="test_build_3" time="3.009" /><testcase classname="tests.notebook_examples.test_4_experiment_AFC" name="test_experiment_runs" time="7.887" /><testcase classname="tests.notebook_examples.test_5_experiment_JND" name="test_experiment_runs" time="8.031" /></testsuite></testsuites>