<?xml version="1.0" encoding="utf-8"?><testsuites><testsuite name="pytest" errors="0" failures="0" skipped="0" tests="13" time="19.587" timestamp="2024-10-09T12:08:16.360052" hostname="Dell-5320"><testcase classname="tests.test_metrics" name="test_all_metrics_initialise" time="0.238" /><testcase classname="tests.test_metrics" name="test_all_metrics_images_initialise" time="0.225" /><testcase classname="tests.test_metrics" name="test_all_metrics_process_image" time="2.064" /><testcase classname="tests.test_metrics" name="test_all_metric_images_process_image" time="0.253" /><testcase classname="tests.test_transforms" name="test_all_transforms_init_value_no_change_image" time="0.259" /><testcase classname="tests.test_transforms" name="test_all_transforms_min_max_specified" time="0.236" /><testcase classname="tests.test_transforms" name="test_all_transforms_min_change_image" time="0.279" /><testcase classname="tests.test_transforms" name="test_all_transforms_max_change_image" time="0.316" /><testcase classname="tests.UI.test_sliders" name="test_sliders" time="1.173" /><testcase classname="tests.notebook_examples.test_1_making_the_UI" name="test_build_1" time="1.011" /><testcase classname="tests.notebook_examples.test_2_simple_customisation" name="test_build_2" time="1.299" /><testcase classname="tests.notebook_examples.test_3_customisation_details" name="test_3" time="3.005" /><testcase classname="tests.notebook_examples.test_4_experiment" name="test_experiment_runs" time="6.290" /></testsuite></testsuites>