<?xml version="1.0" encoding="utf-8"?><testsuites><testsuite name="pytest" errors="0" failures="0" skipped="0" tests="0" time="3.409" timestamp="2024-11-22T09:34:03.712450" hostname="Dell-5320" /></testsuites>