<?xml version="1.0" encoding="utf-8"?><testsuites><testsuite name="pytest" errors="0" failures="0" skipped="0" tests="0" time="2.497" timestamp="2024-11-27T12:14:17.376501" hostname="Dell-5320" /></testsuites>