<?xml version="1.0" encoding="utf-8"?><testsuites><testsuite name="pytest" errors="0" failures="0" skipped="0" tests="16" time="57.255" timestamp="2024-11-27T15:16:01.288182" hostname="Dell-5320"><testcase classname="tests.test_metrics" name="test_all_metrics_initialise" time="0.367" /><testcase classname="tests.test_metrics" name="test_all_metrics_images_initialise" time="0.362" /><testcase classname="tests.test_metrics" name="test_all_metrics_process_image" time="2.938" /><testcase classname="tests.test_metrics" name="test_all_metric_images_process_image" time="0.392" /><testcase classname="tests.test_transforms" name="test_all_transforms_init_value_no_change_image" time="0.355" /><testcase classname="tests.test_transforms" name="test_all_transforms_min_max_specified" time="0.350" /><testcase classname="tests.test_transforms" name="test_all_transforms_min_change_image" time="0.439" /><testcase classname="tests.test_transforms" name="test_all_transforms_max_change_image" time="0.485" /><testcase classname="tests.UI.test_check_args" name="test_dev_true" time="3.252" /><testcase classname="tests.UI.test_dataset_scrolling" name="test_dataset_scrolling" time="11.972" /><testcase classname="tests.functionality.test_export_images" name="test_export_images" time="4.853" /><testcase classname="tests.notebook_examples.test_1_making_the_UI" name="test_build_1" time="3.237" /><testcase classname="tests.notebook_examples.test_2_simple_customisation" name="test_build_1" time="3.611" /><testcase classname="tests.notebook_examples.test_3_customisation_details" name="test_build_3" time="3.476" /><testcase classname="tests.notebook_examples.test_4_experiment_AFC" name="test_experiment_runs" time="8.371" /><testcase classname="tests.notebook_examples.test_5_experiment_JND" name="test_experiment_runs" time="8.436" /></testsuite></testsuites>