<?xml version="1.0" encoding="utf-8"?><testsuites><testsuite name="pytest" errors="0" failures="0" skipped="0" tests="0" time="3.126" timestamp="2024-11-27T12:30:20.713137" hostname="Dell-5320" /></testsuites>