<?xml version="1.0" encoding="utf-8"?><testsuites><testsuite name="pytest" errors="0" failures="0" skipped="0" tests="1" time="10.735" timestamp="2024-11-26T17:42:10.189384" hostname="Dell-5320"><testcase classname="tests.notebook_examples.test_5_experiment_JND" name="test_experiment_runs" time="8.046" /></testsuite></testsuites>