<?xml version="1.0" encoding="utf-8"?><testsuites><testsuite name="pytest" errors="0" failures="0" skipped="0" tests="15" time="44.583" timestamp="2024-11-25T12:43:27.856119" hostname="Dell-5320"><testcase classname="tests.test_metrics" name="test_all_metrics_initialise" time="0.239" /><testcase classname="tests.test_metrics" name="test_all_metrics_images_initialise" time="0.218" /><testcase classname="tests.test_metrics" name="test_all_metrics_process_image" time="1.919" /><testcase classname="tests.test_metrics" name="test_all_metric_images_process_image" time="0.242" /><testcase classname="tests.test_transforms" name="test_all_transforms_init_value_no_change_image" time="0.232" /><testcase classname="tests.test_transforms" name="test_all_transforms_min_max_specified" time="0.233" /><testcase classname="tests.test_transforms" name="test_all_transforms_min_change_image" time="0.272" /><testcase classname="tests.test_transforms" name="test_all_transforms_max_change_image" time="0.326" /><testcase classname="tests.UI.test_check_args" name="test_dev_true" time="2.878" /><testcase classname="tests.UI.test_dataset_scrolling" name="test_dataset_scrolling" time="11.108" /><testcase classname="tests.notebook_examples.test_1_making_the_UI" name="test_build_1" time="2.849" /><testcase classname="tests.notebook_examples.test_2_simple_customisation" name="test_build_1" time="3.033" /><testcase classname="tests.notebook_examples.test_3_customisation_details" name="test_build_3" time="2.899" /><testcase classname="tests.notebook_examples.test_4_experiment_AFC" name="test_experiment_runs" time="7.644" /><testcase classname="tests.notebook_examples.test_5_experiment_JND" name="test_experiment_runs" time="7.520" /></testsuite></testsuites>