<?xml version="1.0" encoding="utf-8"?><testsuites><testsuite name="pytest" errors="0" failures="0" skipped="0" tests="0" time="9.206" timestamp="2024-11-22T18:11:27.337682" hostname="Dell-5320" /></testsuites>