<?xml version="1.0" encoding="utf-8"?><testsuites><testsuite name="pytest" errors="0" failures="0" skipped="0" tests="0" time="2.914" timestamp="2024-11-26T13:12:30.311839" hostname="Dell-5320" /></testsuites>